find_executable: checking for pg_config... -------------------- yes

--------------------

find_header: checking for libpq-fe.h... -------------------- yes

"gcc -o conftest -I/home/daniel/.rvm/rubies/ruby-1.9.2-p180/include/ruby-1.9.1/i686-linux -I/home/daniel/.rvm/rubies/ruby-1.9.2-p180/include/ruby-1.9.1/ruby/backward -I/home/daniel/.rvm/rubies/ruby-1.9.2-p180/include/ruby-1.9.1 -I.  -D_FILE_OFFSET_BITS=64  -I/usr/include/postgresql  -O3 -ggdb -Wextra -Wno-unused-parameter -Wno-parentheses -Wpointer-arith -Wwrite-strings -Wno-missing-field-initializers -Wno-long-long  -fPIC conftest.c  -L. -L/home/daniel/.rvm/rubies/ruby-1.9.2-p180/lib -Wl,-R/home/daniel/.rvm/rubies/ruby-1.9.2-p180/lib -L.  -rdynamic -Wl,-export-dynamic -L/usr/lib     -Wl,-R -Wl,/home/daniel/.rvm/rubies/ruby-1.9.2-p180/lib -L/home/daniel/.rvm/rubies/ruby-1.9.2-p180/lib -lruby-static  -lpthread -lrt -ldl -lcrypt -lm   -lc"
checked program was:
/* begin */
1: #include "ruby.h"
2: 
3: int main() {return 0;}
/* end */

"gcc -E -I/home/daniel/.rvm/rubies/ruby-1.9.2-p180/include/ruby-1.9.1/i686-linux -I/home/daniel/.rvm/rubies/ruby-1.9.2-p180/include/ruby-1.9.1/ruby/backward -I/home/daniel/.rvm/rubies/ruby-1.9.2-p180/include/ruby-1.9.1 -I.  -D_FILE_OFFSET_BITS=64  -I/usr/include/postgresql  -O3 -ggdb -Wextra -Wno-unused-parameter -Wno-parentheses -Wpointer-arith -Wwrite-strings -Wno-missing-field-initializers -Wno-long-long  -fPIC  conftest.c -o conftest.i"
checked program was:
/* begin */
1: #include "ruby.h"
2: 
3: #include <libpq-fe.h>
/* end */

--------------------

find_header: checking for libpq/libpq-fs.h... -------------------- yes

"gcc -E -I/home/daniel/.rvm/rubies/ruby-1.9.2-p180/include/ruby-1.9.1/i686-linux -I/home/daniel/.rvm/rubies/ruby-1.9.2-p180/include/ruby-1.9.1/ruby/backward -I/home/daniel/.rvm/rubies/ruby-1.9.2-p180/include/ruby-1.9.1 -I.  -D_FILE_OFFSET_BITS=64  -I/usr/include/postgresql  -O3 -ggdb -Wextra -Wno-unused-parameter -Wno-parentheses -Wpointer-arith -Wwrite-strings -Wno-missing-field-initializers -Wno-long-long  -fPIC  conftest.c -o conftest.i"
checked program was:
/* begin */
1: #include "ruby.h"
2: 
3: #include <libpq/libpq-fs.h>
/* end */

--------------------

have_library: checking for PQconnectdb() in -lpq... -------------------- yes

"gcc -o conftest -I/home/daniel/.rvm/rubies/ruby-1.9.2-p180/include/ruby-1.9.1/i686-linux -I/home/daniel/.rvm/rubies/ruby-1.9.2-p180/include/ruby-1.9.1/ruby/backward -I/home/daniel/.rvm/rubies/ruby-1.9.2-p180/include/ruby-1.9.1 -I.  -D_FILE_OFFSET_BITS=64  -I/usr/include/postgresql  -O3 -ggdb -Wextra -Wno-unused-parameter -Wno-parentheses -Wpointer-arith -Wwrite-strings -Wno-missing-field-initializers -Wno-long-long  -fPIC conftest.c  -L. -L/home/daniel/.rvm/rubies/ruby-1.9.2-p180/lib -Wl,-R/home/daniel/.rvm/rubies/ruby-1.9.2-p180/lib -L.  -rdynamic -Wl,-export-dynamic -L/usr/lib     -Wl,-R -Wl,/home/daniel/.rvm/rubies/ruby-1.9.2-p180/lib -L/home/daniel/.rvm/rubies/ruby-1.9.2-p180/lib -lruby-static -lpq  -lpthread -lrt -ldl -lcrypt -lm   -lc"
checked program was:
/* begin */
1: #include "ruby.h"
2: 
3: #include <libpq-fe.h>
4: 
5: /*top*/
6: int main() {return 0;}
7: int t() { void ((*volatile p)()); p = (void ((*)()))PQconnectdb; return 0; }
/* end */

--------------------

have_func: checking for PQconnectionUsedPassword()... -------------------- yes

"gcc -o conftest -I/home/daniel/.rvm/rubies/ruby-1.9.2-p180/include/ruby-1.9.1/i686-linux -I/home/daniel/.rvm/rubies/ruby-1.9.2-p180/include/ruby-1.9.1/ruby/backward -I/home/daniel/.rvm/rubies/ruby-1.9.2-p180/include/ruby-1.9.1 -I.  -D_FILE_OFFSET_BITS=64  -I/usr/include/postgresql  -O3 -ggdb -Wextra -Wno-unused-parameter -Wno-parentheses -Wpointer-arith -Wwrite-strings -Wno-missing-field-initializers -Wno-long-long  -fPIC conftest.c  -L. -L/home/daniel/.rvm/rubies/ruby-1.9.2-p180/lib -Wl,-R/home/daniel/.rvm/rubies/ruby-1.9.2-p180/lib -L.  -rdynamic -Wl,-export-dynamic -L/usr/lib    -lpq  -Wl,-R -Wl,/home/daniel/.rvm/rubies/ruby-1.9.2-p180/lib -L/home/daniel/.rvm/rubies/ruby-1.9.2-p180/lib -lruby-static -lpq  -lpthread -lrt -ldl -lcrypt -lm   -lc"
conftest.c: In function ‘t’:
conftest.c:5:53: error: ‘PQconnectionUsedPassword’ undeclared (first use in this function)
conftest.c:5:53: note: each undeclared identifier is reported only once for each function it appears in
checked program was:
/* begin */
1: #include "ruby.h"
2: 
3: /*top*/
4: int main() {return 0;}
5: int t() { void ((*volatile p)()); p = (void ((*)()))PQconnectionUsedPassword; return 0; }
/* end */

"gcc -o conftest -I/home/daniel/.rvm/rubies/ruby-1.9.2-p180/include/ruby-1.9.1/i686-linux -I/home/daniel/.rvm/rubies/ruby-1.9.2-p180/include/ruby-1.9.1/ruby/backward -I/home/daniel/.rvm/rubies/ruby-1.9.2-p180/include/ruby-1.9.1 -I.  -D_FILE_OFFSET_BITS=64  -I/usr/include/postgresql  -O3 -ggdb -Wextra -Wno-unused-parameter -Wno-parentheses -Wpointer-arith -Wwrite-strings -Wno-missing-field-initializers -Wno-long-long  -fPIC conftest.c  -L. -L/home/daniel/.rvm/rubies/ruby-1.9.2-p180/lib -Wl,-R/home/daniel/.rvm/rubies/ruby-1.9.2-p180/lib -L.  -rdynamic -Wl,-export-dynamic -L/usr/lib    -lpq  -Wl,-R -Wl,/home/daniel/.rvm/rubies/ruby-1.9.2-p180/lib -L/home/daniel/.rvm/rubies/ruby-1.9.2-p180/lib -lruby-static -lpq  -lpthread -lrt -ldl -lcrypt -lm   -lc"
checked program was:
/* begin */
1: #include "ruby.h"
2: 
3: /*top*/
4: int main() {return 0;}
5: int t() { PQconnectionUsedPassword(); return 0; }
/* end */

--------------------

have_func: checking for PQisthreadsafe()... -------------------- yes

"gcc -o conftest -I/home/daniel/.rvm/rubies/ruby-1.9.2-p180/include/ruby-1.9.1/i686-linux -I/home/daniel/.rvm/rubies/ruby-1.9.2-p180/include/ruby-1.9.1/ruby/backward -I/home/daniel/.rvm/rubies/ruby-1.9.2-p180/include/ruby-1.9.1 -I.  -D_FILE_OFFSET_BITS=64  -I/usr/include/postgresql  -O3 -ggdb -Wextra -Wno-unused-parameter -Wno-parentheses -Wpointer-arith -Wwrite-strings -Wno-missing-field-initializers -Wno-long-long  -fPIC conftest.c  -L. -L/home/daniel/.rvm/rubies/ruby-1.9.2-p180/lib -Wl,-R/home/daniel/.rvm/rubies/ruby-1.9.2-p180/lib -L.  -rdynamic -Wl,-export-dynamic -L/usr/lib    -lpq  -Wl,-R -Wl,/home/daniel/.rvm/rubies/ruby-1.9.2-p180/lib -L/home/daniel/.rvm/rubies/ruby-1.9.2-p180/lib -lruby-static -lpq  -lpthread -lrt -ldl -lcrypt -lm   -lc"
conftest.c: In function ‘t’:
conftest.c:5:53: error: ‘PQisthreadsafe’ undeclared (first use in this function)
conftest.c:5:53: note: each undeclared identifier is reported only once for each function it appears in
checked program was:
/* begin */
1: #include "ruby.h"
2: 
3: /*top*/
4: int main() {return 0;}
5: int t() { void ((*volatile p)()); p = (void ((*)()))PQisthreadsafe; return 0; }
/* end */

"gcc -o conftest -I/home/daniel/.rvm/rubies/ruby-1.9.2-p180/include/ruby-1.9.1/i686-linux -I/home/daniel/.rvm/rubies/ruby-1.9.2-p180/include/ruby-1.9.1/ruby/backward -I/home/daniel/.rvm/rubies/ruby-1.9.2-p180/include/ruby-1.9.1 -I.  -D_FILE_OFFSET_BITS=64  -I/usr/include/postgresql  -O3 -ggdb -Wextra -Wno-unused-parameter -Wno-parentheses -Wpointer-arith -Wwrite-strings -Wno-missing-field-initializers -Wno-long-long  -fPIC conftest.c  -L. -L/home/daniel/.rvm/rubies/ruby-1.9.2-p180/lib -Wl,-R/home/daniel/.rvm/rubies/ruby-1.9.2-p180/lib -L.  -rdynamic -Wl,-export-dynamic -L/usr/lib    -lpq  -Wl,-R -Wl,/home/daniel/.rvm/rubies/ruby-1.9.2-p180/lib -L/home/daniel/.rvm/rubies/ruby-1.9.2-p180/lib -lruby-static -lpq  -lpthread -lrt -ldl -lcrypt -lm   -lc"
checked program was:
/* begin */
1: #include "ruby.h"
2: 
3: /*top*/
4: int main() {return 0;}
5: int t() { PQisthreadsafe(); return 0; }
/* end */

--------------------

have_func: checking for PQprepare()... -------------------- yes

"gcc -o conftest -I/home/daniel/.rvm/rubies/ruby-1.9.2-p180/include/ruby-1.9.1/i686-linux -I/home/daniel/.rvm/rubies/ruby-1.9.2-p180/include/ruby-1.9.1/ruby/backward -I/home/daniel/.rvm/rubies/ruby-1.9.2-p180/include/ruby-1.9.1 -I.  -D_FILE_OFFSET_BITS=64  -I/usr/include/postgresql  -O3 -ggdb -Wextra -Wno-unused-parameter -Wno-parentheses -Wpointer-arith -Wwrite-strings -Wno-missing-field-initializers -Wno-long-long  -fPIC conftest.c  -L. -L/home/daniel/.rvm/rubies/ruby-1.9.2-p180/lib -Wl,-R/home/daniel/.rvm/rubies/ruby-1.9.2-p180/lib -L.  -rdynamic -Wl,-export-dynamic -L/usr/lib    -lpq  -Wl,-R -Wl,/home/daniel/.rvm/rubies/ruby-1.9.2-p180/lib -L/home/daniel/.rvm/rubies/ruby-1.9.2-p180/lib -lruby-static -lpq  -lpthread -lrt -ldl -lcrypt -lm   -lc"
conftest.c: In function ‘t’:
conftest.c:5:53: error: ‘PQprepare’ undeclared (first use in this function)
conftest.c:5:53: note: each undeclared identifier is reported only once for each function it appears in
checked program was:
/* begin */
1: #include "ruby.h"
2: 
3: /*top*/
4: int main() {return 0;}
5: int t() { void ((*volatile p)()); p = (void ((*)()))PQprepare; return 0; }
/* end */

"gcc -o conftest -I/home/daniel/.rvm/rubies/ruby-1.9.2-p180/include/ruby-1.9.1/i686-linux -I/home/daniel/.rvm/rubies/ruby-1.9.2-p180/include/ruby-1.9.1/ruby/backward -I/home/daniel/.rvm/rubies/ruby-1.9.2-p180/include/ruby-1.9.1 -I.  -D_FILE_OFFSET_BITS=64  -I/usr/include/postgresql  -O3 -ggdb -Wextra -Wno-unused-parameter -Wno-parentheses -Wpointer-arith -Wwrite-strings -Wno-missing-field-initializers -Wno-long-long  -fPIC conftest.c  -L. -L/home/daniel/.rvm/rubies/ruby-1.9.2-p180/lib -Wl,-R/home/daniel/.rvm/rubies/ruby-1.9.2-p180/lib -L.  -rdynamic -Wl,-export-dynamic -L/usr/lib    -lpq  -Wl,-R -Wl,/home/daniel/.rvm/rubies/ruby-1.9.2-p180/lib -L/home/daniel/.rvm/rubies/ruby-1.9.2-p180/lib -lruby-static -lpq  -lpthread -lrt -ldl -lcrypt -lm   -lc"
checked program was:
/* begin */
1: #include "ruby.h"
2: 
3: /*top*/
4: int main() {return 0;}
5: int t() { PQprepare(); return 0; }
/* end */

--------------------

have_func: checking for PQexecParams()... -------------------- yes

"gcc -o conftest -I/home/daniel/.rvm/rubies/ruby-1.9.2-p180/include/ruby-1.9.1/i686-linux -I/home/daniel/.rvm/rubies/ruby-1.9.2-p180/include/ruby-1.9.1/ruby/backward -I/home/daniel/.rvm/rubies/ruby-1.9.2-p180/include/ruby-1.9.1 -I.  -D_FILE_OFFSET_BITS=64  -I/usr/include/postgresql  -O3 -ggdb -Wextra -Wno-unused-parameter -Wno-parentheses -Wpointer-arith -Wwrite-strings -Wno-missing-field-initializers -Wno-long-long  -fPIC conftest.c  -L. -L/home/daniel/.rvm/rubies/ruby-1.9.2-p180/lib -Wl,-R/home/daniel/.rvm/rubies/ruby-1.9.2-p180/lib -L.  -rdynamic -Wl,-export-dynamic -L/usr/lib    -lpq  -Wl,-R -Wl,/home/daniel/.rvm/rubies/ruby-1.9.2-p180/lib -L/home/daniel/.rvm/rubies/ruby-1.9.2-p180/lib -lruby-static -lpq  -lpthread -lrt -ldl -lcrypt -lm   -lc"
conftest.c: In function ‘t’:
conftest.c:5:53: error: ‘PQexecParams’ undeclared (first use in this function)
conftest.c:5:53: note: each undeclared identifier is reported only once for each function it appears in
checked program was:
/* begin */
1: #include "ruby.h"
2: 
3: /*top*/
4: int main() {return 0;}
5: int t() { void ((*volatile p)()); p = (void ((*)()))PQexecParams; return 0; }
/* end */

"gcc -o conftest -I/home/daniel/.rvm/rubies/ruby-1.9.2-p180/include/ruby-1.9.1/i686-linux -I/home/daniel/.rvm/rubies/ruby-1.9.2-p180/include/ruby-1.9.1/ruby/backward -I/home/daniel/.rvm/rubies/ruby-1.9.2-p180/include/ruby-1.9.1 -I.  -D_FILE_OFFSET_BITS=64  -I/usr/include/postgresql  -O3 -ggdb -Wextra -Wno-unused-parameter -Wno-parentheses -Wpointer-arith -Wwrite-strings -Wno-missing-field-initializers -Wno-long-long  -fPIC conftest.c  -L. -L/home/daniel/.rvm/rubies/ruby-1.9.2-p180/lib -Wl,-R/home/daniel/.rvm/rubies/ruby-1.9.2-p180/lib -L.  -rdynamic -Wl,-export-dynamic -L/usr/lib    -lpq  -Wl,-R -Wl,/home/daniel/.rvm/rubies/ruby-1.9.2-p180/lib -L/home/daniel/.rvm/rubies/ruby-1.9.2-p180/lib -lruby-static -lpq  -lpthread -lrt -ldl -lcrypt -lm   -lc"
checked program was:
/* begin */
1: #include "ruby.h"
2: 
3: /*top*/
4: int main() {return 0;}
5: int t() { PQexecParams(); return 0; }
/* end */

--------------------

have_func: checking for PQescapeString()... -------------------- yes

"gcc -o conftest -I/home/daniel/.rvm/rubies/ruby-1.9.2-p180/include/ruby-1.9.1/i686-linux -I/home/daniel/.rvm/rubies/ruby-1.9.2-p180/include/ruby-1.9.1/ruby/backward -I/home/daniel/.rvm/rubies/ruby-1.9.2-p180/include/ruby-1.9.1 -I.  -D_FILE_OFFSET_BITS=64  -I/usr/include/postgresql  -O3 -ggdb -Wextra -Wno-unused-parameter -Wno-parentheses -Wpointer-arith -Wwrite-strings -Wno-missing-field-initializers -Wno-long-long  -fPIC conftest.c  -L. -L/home/daniel/.rvm/rubies/ruby-1.9.2-p180/lib -Wl,-R/home/daniel/.rvm/rubies/ruby-1.9.2-p180/lib -L.  -rdynamic -Wl,-export-dynamic -L/usr/lib    -lpq  -Wl,-R -Wl,/home/daniel/.rvm/rubies/ruby-1.9.2-p180/lib -L/home/daniel/.rvm/rubies/ruby-1.9.2-p180/lib -lruby-static -lpq  -lpthread -lrt -ldl -lcrypt -lm   -lc"
conftest.c: In function ‘t’:
conftest.c:5:53: error: ‘PQescapeString’ undeclared (first use in this function)
conftest.c:5:53: note: each undeclared identifier is reported only once for each function it appears in
checked program was:
/* begin */
1: #include "ruby.h"
2: 
3: /*top*/
4: int main() {return 0;}
5: int t() { void ((*volatile p)()); p = (void ((*)()))PQescapeString; return 0; }
/* end */

"gcc -o conftest -I/home/daniel/.rvm/rubies/ruby-1.9.2-p180/include/ruby-1.9.1/i686-linux -I/home/daniel/.rvm/rubies/ruby-1.9.2-p180/include/ruby-1.9.1/ruby/backward -I/home/daniel/.rvm/rubies/ruby-1.9.2-p180/include/ruby-1.9.1 -I.  -D_FILE_OFFSET_BITS=64  -I/usr/include/postgresql  -O3 -ggdb -Wextra -Wno-unused-parameter -Wno-parentheses -Wpointer-arith -Wwrite-strings -Wno-missing-field-initializers -Wno-long-long  -fPIC conftest.c  -L. -L/home/daniel/.rvm/rubies/ruby-1.9.2-p180/lib -Wl,-R/home/daniel/.rvm/rubies/ruby-1.9.2-p180/lib -L.  -rdynamic -Wl,-export-dynamic -L/usr/lib    -lpq  -Wl,-R -Wl,/home/daniel/.rvm/rubies/ruby-1.9.2-p180/lib -L/home/daniel/.rvm/rubies/ruby-1.9.2-p180/lib -lruby-static -lpq  -lpthread -lrt -ldl -lcrypt -lm   -lc"
checked program was:
/* begin */
1: #include "ruby.h"
2: 
3: /*top*/
4: int main() {return 0;}
5: int t() { PQescapeString(); return 0; }
/* end */

--------------------

have_func: checking for PQescapeStringConn()... -------------------- yes

"gcc -o conftest -I/home/daniel/.rvm/rubies/ruby-1.9.2-p180/include/ruby-1.9.1/i686-linux -I/home/daniel/.rvm/rubies/ruby-1.9.2-p180/include/ruby-1.9.1/ruby/backward -I/home/daniel/.rvm/rubies/ruby-1.9.2-p180/include/ruby-1.9.1 -I.  -D_FILE_OFFSET_BITS=64  -I/usr/include/postgresql  -O3 -ggdb -Wextra -Wno-unused-parameter -Wno-parentheses -Wpointer-arith -Wwrite-strings -Wno-missing-field-initializers -Wno-long-long  -fPIC conftest.c  -L. -L/home/daniel/.rvm/rubies/ruby-1.9.2-p180/lib -Wl,-R/home/daniel/.rvm/rubies/ruby-1.9.2-p180/lib -L.  -rdynamic -Wl,-export-dynamic -L/usr/lib    -lpq  -Wl,-R -Wl,/home/daniel/.rvm/rubies/ruby-1.9.2-p180/lib -L/home/daniel/.rvm/rubies/ruby-1.9.2-p180/lib -lruby-static -lpq  -lpthread -lrt -ldl -lcrypt -lm   -lc"
conftest.c: In function ‘t’:
conftest.c:5:53: error: ‘PQescapeStringConn’ undeclared (first use in this function)
conftest.c:5:53: note: each undeclared identifier is reported only once for each function it appears in
checked program was:
/* begin */
1: #include "ruby.h"
2: 
3: /*top*/
4: int main() {return 0;}
5: int t() { void ((*volatile p)()); p = (void ((*)()))PQescapeStringConn; return 0; }
/* end */

"gcc -o conftest -I/home/daniel/.rvm/rubies/ruby-1.9.2-p180/include/ruby-1.9.1/i686-linux -I/home/daniel/.rvm/rubies/ruby-1.9.2-p180/include/ruby-1.9.1/ruby/backward -I/home/daniel/.rvm/rubies/ruby-1.9.2-p180/include/ruby-1.9.1 -I.  -D_FILE_OFFSET_BITS=64  -I/usr/include/postgresql  -O3 -ggdb -Wextra -Wno-unused-parameter -Wno-parentheses -Wpointer-arith -Wwrite-strings -Wno-missing-field-initializers -Wno-long-long  -fPIC conftest.c  -L. -L/home/daniel/.rvm/rubies/ruby-1.9.2-p180/lib -Wl,-R/home/daniel/.rvm/rubies/ruby-1.9.2-p180/lib -L.  -rdynamic -Wl,-export-dynamic -L/usr/lib    -lpq  -Wl,-R -Wl,/home/daniel/.rvm/rubies/ruby-1.9.2-p180/lib -L/home/daniel/.rvm/rubies/ruby-1.9.2-p180/lib -lruby-static -lpq  -lpthread -lrt -ldl -lcrypt -lm   -lc"
checked program was:
/* begin */
1: #include "ruby.h"
2: 
3: /*top*/
4: int main() {return 0;}
5: int t() { PQescapeStringConn(); return 0; }
/* end */

--------------------

have_func: checking for PQgetCancel()... -------------------- yes

"gcc -o conftest -I/home/daniel/.rvm/rubies/ruby-1.9.2-p180/include/ruby-1.9.1/i686-linux -I/home/daniel/.rvm/rubies/ruby-1.9.2-p180/include/ruby-1.9.1/ruby/backward -I/home/daniel/.rvm/rubies/ruby-1.9.2-p180/include/ruby-1.9.1 -I.  -D_FILE_OFFSET_BITS=64  -I/usr/include/postgresql  -O3 -ggdb -Wextra -Wno-unused-parameter -Wno-parentheses -Wpointer-arith -Wwrite-strings -Wno-missing-field-initializers -Wno-long-long  -fPIC conftest.c  -L. -L/home/daniel/.rvm/rubies/ruby-1.9.2-p180/lib -Wl,-R/home/daniel/.rvm/rubies/ruby-1.9.2-p180/lib -L.  -rdynamic -Wl,-export-dynamic -L/usr/lib    -lpq  -Wl,-R -Wl,/home/daniel/.rvm/rubies/ruby-1.9.2-p180/lib -L/home/daniel/.rvm/rubies/ruby-1.9.2-p180/lib -lruby-static -lpq  -lpthread -lrt -ldl -lcrypt -lm   -lc"
conftest.c: In function ‘t’:
conftest.c:5:53: error: ‘PQgetCancel’ undeclared (first use in this function)
conftest.c:5:53: note: each undeclared identifier is reported only once for each function it appears in
checked program was:
/* begin */
1: #include "ruby.h"
2: 
3: /*top*/
4: int main() {return 0;}
5: int t() { void ((*volatile p)()); p = (void ((*)()))PQgetCancel; return 0; }
/* end */

"gcc -o conftest -I/home/daniel/.rvm/rubies/ruby-1.9.2-p180/include/ruby-1.9.1/i686-linux -I/home/daniel/.rvm/rubies/ruby-1.9.2-p180/include/ruby-1.9.1/ruby/backward -I/home/daniel/.rvm/rubies/ruby-1.9.2-p180/include/ruby-1.9.1 -I.  -D_FILE_OFFSET_BITS=64  -I/usr/include/postgresql  -O3 -ggdb -Wextra -Wno-unused-parameter -Wno-parentheses -Wpointer-arith -Wwrite-strings -Wno-missing-field-initializers -Wno-long-long  -fPIC conftest.c  -L. -L/home/daniel/.rvm/rubies/ruby-1.9.2-p180/lib -Wl,-R/home/daniel/.rvm/rubies/ruby-1.9.2-p180/lib -L.  -rdynamic -Wl,-export-dynamic -L/usr/lib    -lpq  -Wl,-R -Wl,/home/daniel/.rvm/rubies/ruby-1.9.2-p180/lib -L/home/daniel/.rvm/rubies/ruby-1.9.2-p180/lib -lruby-static -lpq  -lpthread -lrt -ldl -lcrypt -lm   -lc"
checked program was:
/* begin */
1: #include "ruby.h"
2: 
3: /*top*/
4: int main() {return 0;}
5: int t() { PQgetCancel(); return 0; }
/* end */

--------------------

have_func: checking for lo_create()... -------------------- yes

"gcc -o conftest -I/home/daniel/.rvm/rubies/ruby-1.9.2-p180/include/ruby-1.9.1/i686-linux -I/home/daniel/.rvm/rubies/ruby-1.9.2-p180/include/ruby-1.9.1/ruby/backward -I/home/daniel/.rvm/rubies/ruby-1.9.2-p180/include/ruby-1.9.1 -I.  -D_FILE_OFFSET_BITS=64  -I/usr/include/postgresql  -O3 -ggdb -Wextra -Wno-unused-parameter -Wno-parentheses -Wpointer-arith -Wwrite-strings -Wno-missing-field-initializers -Wno-long-long  -fPIC conftest.c  -L. -L/home/daniel/.rvm/rubies/ruby-1.9.2-p180/lib -Wl,-R/home/daniel/.rvm/rubies/ruby-1.9.2-p180/lib -L.  -rdynamic -Wl,-export-dynamic -L/usr/lib    -lpq  -Wl,-R -Wl,/home/daniel/.rvm/rubies/ruby-1.9.2-p180/lib -L/home/daniel/.rvm/rubies/ruby-1.9.2-p180/lib -lruby-static -lpq  -lpthread -lrt -ldl -lcrypt -lm   -lc"
conftest.c: In function ‘t’:
conftest.c:5:53: error: ‘lo_create’ undeclared (first use in this function)
conftest.c:5:53: note: each undeclared identifier is reported only once for each function it appears in
checked program was:
/* begin */
1: #include "ruby.h"
2: 
3: /*top*/
4: int main() {return 0;}
5: int t() { void ((*volatile p)()); p = (void ((*)()))lo_create; return 0; }
/* end */

"gcc -o conftest -I/home/daniel/.rvm/rubies/ruby-1.9.2-p180/include/ruby-1.9.1/i686-linux -I/home/daniel/.rvm/rubies/ruby-1.9.2-p180/include/ruby-1.9.1/ruby/backward -I/home/daniel/.rvm/rubies/ruby-1.9.2-p180/include/ruby-1.9.1 -I.  -D_FILE_OFFSET_BITS=64  -I/usr/include/postgresql  -O3 -ggdb -Wextra -Wno-unused-parameter -Wno-parentheses -Wpointer-arith -Wwrite-strings -Wno-missing-field-initializers -Wno-long-long  -fPIC conftest.c  -L. -L/home/daniel/.rvm/rubies/ruby-1.9.2-p180/lib -Wl,-R/home/daniel/.rvm/rubies/ruby-1.9.2-p180/lib -L.  -rdynamic -Wl,-export-dynamic -L/usr/lib    -lpq  -Wl,-R -Wl,/home/daniel/.rvm/rubies/ruby-1.9.2-p180/lib -L/home/daniel/.rvm/rubies/ruby-1.9.2-p180/lib -lruby-static -lpq  -lpthread -lrt -ldl -lcrypt -lm   -lc"
checked program was:
/* begin */
1: #include "ruby.h"
2: 
3: /*top*/
4: int main() {return 0;}
5: int t() { lo_create(); return 0; }
/* end */

--------------------

have_func: checking for pg_encoding_to_char()... -------------------- yes

"gcc -o conftest -I/home/daniel/.rvm/rubies/ruby-1.9.2-p180/include/ruby-1.9.1/i686-linux -I/home/daniel/.rvm/rubies/ruby-1.9.2-p180/include/ruby-1.9.1/ruby/backward -I/home/daniel/.rvm/rubies/ruby-1.9.2-p180/include/ruby-1.9.1 -I.  -D_FILE_OFFSET_BITS=64  -I/usr/include/postgresql  -O3 -ggdb -Wextra -Wno-unused-parameter -Wno-parentheses -Wpointer-arith -Wwrite-strings -Wno-missing-field-initializers -Wno-long-long  -fPIC conftest.c  -L. -L/home/daniel/.rvm/rubies/ruby-1.9.2-p180/lib -Wl,-R/home/daniel/.rvm/rubies/ruby-1.9.2-p180/lib -L.  -rdynamic -Wl,-export-dynamic -L/usr/lib    -lpq  -Wl,-R -Wl,/home/daniel/.rvm/rubies/ruby-1.9.2-p180/lib -L/home/daniel/.rvm/rubies/ruby-1.9.2-p180/lib -lruby-static -lpq  -lpthread -lrt -ldl -lcrypt -lm   -lc"
conftest.c: In function ‘t’:
conftest.c:5:53: error: ‘pg_encoding_to_char’ undeclared (first use in this function)
conftest.c:5:53: note: each undeclared identifier is reported only once for each function it appears in
checked program was:
/* begin */
1: #include "ruby.h"
2: 
3: /*top*/
4: int main() {return 0;}
5: int t() { void ((*volatile p)()); p = (void ((*)()))pg_encoding_to_char; return 0; }
/* end */

"gcc -o conftest -I/home/daniel/.rvm/rubies/ruby-1.9.2-p180/include/ruby-1.9.1/i686-linux -I/home/daniel/.rvm/rubies/ruby-1.9.2-p180/include/ruby-1.9.1/ruby/backward -I/home/daniel/.rvm/rubies/ruby-1.9.2-p180/include/ruby-1.9.1 -I.  -D_FILE_OFFSET_BITS=64  -I/usr/include/postgresql  -O3 -ggdb -Wextra -Wno-unused-parameter -Wno-parentheses -Wpointer-arith -Wwrite-strings -Wno-missing-field-initializers -Wno-long-long  -fPIC conftest.c  -L. -L/home/daniel/.rvm/rubies/ruby-1.9.2-p180/lib -Wl,-R/home/daniel/.rvm/rubies/ruby-1.9.2-p180/lib -L.  -rdynamic -Wl,-export-dynamic -L/usr/lib    -lpq  -Wl,-R -Wl,/home/daniel/.rvm/rubies/ruby-1.9.2-p180/lib -L/home/daniel/.rvm/rubies/ruby-1.9.2-p180/lib -lruby-static -lpq  -lpthread -lrt -ldl -lcrypt -lm   -lc"
checked program was:
/* begin */
1: #include "ruby.h"
2: 
3: /*top*/
4: int main() {return 0;}
5: int t() { pg_encoding_to_char(); return 0; }
/* end */

--------------------

have_func: checking for PQsetClientEncoding()... -------------------- yes

"gcc -o conftest -I/home/daniel/.rvm/rubies/ruby-1.9.2-p180/include/ruby-1.9.1/i686-linux -I/home/daniel/.rvm/rubies/ruby-1.9.2-p180/include/ruby-1.9.1/ruby/backward -I/home/daniel/.rvm/rubies/ruby-1.9.2-p180/include/ruby-1.9.1 -I.  -D_FILE_OFFSET_BITS=64  -I/usr/include/postgresql  -O3 -ggdb -Wextra -Wno-unused-parameter -Wno-parentheses -Wpointer-arith -Wwrite-strings -Wno-missing-field-initializers -Wno-long-long  -fPIC conftest.c  -L. -L/home/daniel/.rvm/rubies/ruby-1.9.2-p180/lib -Wl,-R/home/daniel/.rvm/rubies/ruby-1.9.2-p180/lib -L.  -rdynamic -Wl,-export-dynamic -L/usr/lib    -lpq  -Wl,-R -Wl,/home/daniel/.rvm/rubies/ruby-1.9.2-p180/lib -L/home/daniel/.rvm/rubies/ruby-1.9.2-p180/lib -lruby-static -lpq  -lpthread -lrt -ldl -lcrypt -lm   -lc"
conftest.c: In function ‘t’:
conftest.c:5:53: error: ‘PQsetClientEncoding’ undeclared (first use in this function)
conftest.c:5:53: note: each undeclared identifier is reported only once for each function it appears in
checked program was:
/* begin */
1: #include "ruby.h"
2: 
3: /*top*/
4: int main() {return 0;}
5: int t() { void ((*volatile p)()); p = (void ((*)()))PQsetClientEncoding; return 0; }
/* end */

"gcc -o conftest -I/home/daniel/.rvm/rubies/ruby-1.9.2-p180/include/ruby-1.9.1/i686-linux -I/home/daniel/.rvm/rubies/ruby-1.9.2-p180/include/ruby-1.9.1/ruby/backward -I/home/daniel/.rvm/rubies/ruby-1.9.2-p180/include/ruby-1.9.1 -I.  -D_FILE_OFFSET_BITS=64  -I/usr/include/postgresql  -O3 -ggdb -Wextra -Wno-unused-parameter -Wno-parentheses -Wpointer-arith -Wwrite-strings -Wno-missing-field-initializers -Wno-long-long  -fPIC conftest.c  -L. -L/home/daniel/.rvm/rubies/ruby-1.9.2-p180/lib -Wl,-R/home/daniel/.rvm/rubies/ruby-1.9.2-p180/lib -L.  -rdynamic -Wl,-export-dynamic -L/usr/lib    -lpq  -Wl,-R -Wl,/home/daniel/.rvm/rubies/ruby-1.9.2-p180/lib -L/home/daniel/.rvm/rubies/ruby-1.9.2-p180/lib -lruby-static -lpq  -lpthread -lrt -ldl -lcrypt -lm   -lc"
checked program was:
/* begin */
1: #include "ruby.h"
2: 
3: /*top*/
4: int main() {return 0;}
5: int t() { PQsetClientEncoding(); return 0; }
/* end */

--------------------

have_struct_member: checking for struct pgNotify.extra in libpq-fe.h... -------------------- yes

"gcc -I/home/daniel/.rvm/rubies/ruby-1.9.2-p180/include/ruby-1.9.1/i686-linux -I/home/daniel/.rvm/rubies/ruby-1.9.2-p180/include/ruby-1.9.1/ruby/backward -I/home/daniel/.rvm/rubies/ruby-1.9.2-p180/include/ruby-1.9.1 -I.  -D_FILE_OFFSET_BITS=64  -I/usr/include/postgresql  -O3 -ggdb -Wextra -Wno-unused-parameter -Wno-parentheses -Wpointer-arith -Wwrite-strings -Wno-missing-field-initializers -Wno-long-long  -fPIC   -c conftest.c"
checked program was:
/* begin */
1: #include "ruby.h"
2: 
3: #include <libpq-fe.h>
4: 
5: /*top*/
6: int main() {return 0;}
7: int s = (char *)&((struct pgNotify*)0)->extra - (char *)0;
/* end */

--------------------

have_header: checking for unistd.h... -------------------- yes

"gcc -E -I/home/daniel/.rvm/rubies/ruby-1.9.2-p180/include/ruby-1.9.1/i686-linux -I/home/daniel/.rvm/rubies/ruby-1.9.2-p180/include/ruby-1.9.1/ruby/backward -I/home/daniel/.rvm/rubies/ruby-1.9.2-p180/include/ruby-1.9.1 -I.  -D_FILE_OFFSET_BITS=64  -I/usr/include/postgresql  -O3 -ggdb -Wextra -Wno-unused-parameter -Wno-parentheses -Wpointer-arith -Wwrite-strings -Wno-missing-field-initializers -Wno-long-long  -fPIC  conftest.c -o conftest.i"
checked program was:
/* begin */
1: #include "ruby.h"
2: 
3: #include <unistd.h>
/* end */

--------------------

